2025-07-09 17:53:56,156 WARNING database DDL Query made to DB:
create table `tabRazorpayX Configuration` (
			name varchar(140) primary key,
			creation datetime(6),
			modified datetime(6),
			modified_by varchar(140),
			owner varchar(140),
			docstatus int(1) not null default '0',
			idx int(8) not null default '0',
			`disabled` int(1) not null default 0,
`key_id` varchar(140),
`key_secret` text,
`account_id` varchar(140) unique,
`webhook_secret` text,
`bank_account` varchar(140) unique,
`company_account` varchar(140),
`company` varchar(140),
`payouts_from` varchar(140) default 'Current Account',
`bank` varchar(140),
`ifsc_code` varchar(140),
`account_number` varchar(140),
`last_sync_on` date,
`auto_cancel_payout` int(1) not null default 0,
`automate_fees_accounting` int(1) not null default 1,
`creditors_account` varchar(140),
`payable_account` varchar(140),
`supplier` varchar(140),
`create_je_on_reversal` int(1) not null default 1,
`_user_tags` text,
`_comments` text,
`_assign` text,
`_liked_by` text,
index modified(modified))
			ENGINE=InnoDB
			ROW_FORMAT=DYNAMIC
			CHARACTER SET=utf8mb4
			COLLATE=utf8mb4_unicode_ci
2025-07-09 17:54:02,745 WARNING database DDL Query made to DB:
ALTER TABLE `tabPayment Entry` ADD COLUMN `razorpayx_payout_desc` varchar(30), ADD COLUMN `razorpayx_payout_status` varchar(140) default 'Not Initiated', ADD COLUMN `razorpayx_payout_id` varchar(140), ADD COLUMN `razorpayx_payout_link_id` varchar(140)
2025-07-09 17:54:02,891 WARNING database DDL Query made to DB:
ALTER TABLE `tabPayment Entry` MODIFY `base_received_amount` decimal(21,9) not null default 0, MODIFY `difference_amount` decimal(21,9) not null default 0, MODIFY `unallocated_amount` decimal(21,9) not null default 0, MODIFY `total_taxes_and_charges` decimal(21,9) not null default 0, MODIFY `base_total_taxes_and_charges` decimal(21,9) not null default 0, MODIFY `party_balance` decimal(21,9) not null default 0, MODIFY `paid_from_account_balance` decimal(21,9) not null default 0, MODIFY `paid_to_account_balance` decimal(21,9) not null default 0, MODIFY `base_paid_amount` decimal(21,9) not null default 0, MODIFY `source_exchange_rate` decimal(21,9) not null default 0, MODIFY `paid_amount_after_tax` decimal(21,9) not null default 0, MODIFY `paid_amount` decimal(21,9) not null default 0, MODIFY `target_exchange_rate` decimal(21,9) not null default 0, MODIFY `received_amount_after_tax` decimal(21,9) not null default 0, MODIFY `received_amount` decimal(21,9) not null default 0, MODIFY `base_paid_amount_after_tax` decimal(21,9) not null default 0, MODIFY `base_total_allocated_amount` decimal(21,9) not null default 0, MODIFY `total_allocated_amount` decimal(21,9) not null default 0, MODIFY `base_received_amount_after_tax` decimal(21,9) not null default 0
2025-07-09 17:54:03,373 WARNING database DDL Query made to DB:
ALTER TABLE `tabRazorpayX Configuration` ADD COLUMN `pay_on_auto_submit` int(1) not null default 1
2025-07-09 17:54:26,877 WARNING database DDL Query made to DB:
alter table `tabDocType` add column if not exists migration_hash varchar(140)
2025-07-09 17:54:32,354 WARNING database DDL Query made to DB:
ALTER TABLE `tabPrint Heading` DROP INDEX `print_heading`
2025-07-09 17:54:37,589 WARNING database DDL Query made to DB:
ALTER TABLE `tabPrint Heading` ADD UNIQUE INDEX IF NOT EXISTS print_heading (`print_heading`)
2025-07-09 17:54:40,145 WARNING database DDL Query made to DB:
ALTER TABLE `tabStudent` MODIFY `date_of_birth` date
2025-07-09 17:54:40,457 WARNING database DDL Query made to DB:
ALTER TABLE `tabStudent` DROP INDEX `student_id`
2025-07-09 17:55:00,548 WARNING database DDL Query made to DB:
ALTER TABLE `tabStudent` MODIFY `date_of_birth` varchar(140), ADD UNIQUE INDEX IF NOT EXISTS student_id (`student_id`)
2025-07-10 11:25:53,612 WARNING database DDL Query made to DB:
create table `tabDoctor Availability` (
			name varchar(140) primary key,
			creation datetime(6),
			modified datetime(6),
			modified_by varchar(140),
			owner varchar(140),
			docstatus int(1) not null default '0',
			idx int(8) not null default '0',
			parent varchar(140),
parentfield varchar(140),
parenttype varchar(140),
index parent(parent))
			ENGINE=InnoDB
			ROW_FORMAT=DYNAMIC
			CHARACTER SET=utf8mb4
			COLLATE=utf8mb4_unicode_ci
2025-07-10 11:29:59,360 WARNING database DDL Query made to DB:
alter table `tabDoctor Availability` add column if not exists parent varchar(140)
2025-07-10 11:29:59,363 WARNING database DDL Query made to DB:
alter table `tabDoctor Availability` add column if not exists parenttype varchar(140)
2025-07-10 11:29:59,364 WARNING database DDL Query made to DB:
alter table `tabDoctor Availability` add column if not exists parentfield varchar(140)
2025-07-10 11:29:59,609 WARNING database DDL Query made to DB:
ALTER TABLE `tabDoctor Availability` ADD COLUMN `day_of_week` varchar(140), ADD COLUMN `is_working_day` int(1) not null default 0, ADD COLUMN `start_time` time(6), ADD COLUMN `end_time` time(6)
2025-07-10 11:36:33,809 WARNING database DDL Query made to DB:
alter table `tabDoctor Availability` add column if not exists parent varchar(140)
2025-07-10 11:36:33,813 WARNING database DDL Query made to DB:
alter table `tabDoctor Availability` add column if not exists parenttype varchar(140)
2025-07-10 11:36:33,814 WARNING database DDL Query made to DB:
alter table `tabDoctor Availability` add column if not exists parentfield varchar(140)
2025-07-10 11:40:04,015 WARNING database DDL Query made to DB:
create table `tabDoctor Time Slot` (
			name varchar(140) primary key,
			creation datetime(6),
			modified datetime(6),
			modified_by varchar(140),
			owner varchar(140),
			docstatus int(1) not null default '0',
			idx int(8) not null default '0',
			parent varchar(140),
parentfield varchar(140),
parenttype varchar(140),
index parent(parent))
			ENGINE=InnoDB
			ROW_FORMAT=DYNAMIC
			CHARACTER SET=utf8mb4
			COLLATE=utf8mb4_unicode_ci
2025-07-10 11:48:16,707 WARNING database DDL Query made to DB:
alter table `tabDoctor Availability` add column if not exists parent varchar(140)
2025-07-10 11:48:16,710 WARNING database DDL Query made to DB:
alter table `tabDoctor Availability` add column if not exists parenttype varchar(140)
2025-07-10 11:48:16,712 WARNING database DDL Query made to DB:
alter table `tabDoctor Availability` add column if not exists parentfield varchar(140)
2025-07-10 11:48:16,927 WARNING database DDL Query made to DB:
ALTER TABLE `tabDoctor Availability` ADD COLUMN `shift` varchar(140), ADD COLUMN `off_day` text
2025-07-10 11:53:16,336 WARNING database DDL Query made to DB:
alter table `tabDoctor Availability` add column if not exists parent varchar(140)
2025-07-10 11:53:16,340 WARNING database DDL Query made to DB:
alter table `tabDoctor Availability` add column if not exists parenttype varchar(140)
2025-07-10 11:53:16,342 WARNING database DDL Query made to DB:
alter table `tabDoctor Availability` add column if not exists parentfield varchar(140)
2025-07-10 11:54:17,427 WARNING database DDL Query made to DB:
alter table `tabDoctor Availability` add column if not exists parent varchar(140)
2025-07-10 11:54:17,429 WARNING database DDL Query made to DB:
alter table `tabDoctor Availability` add column if not exists parenttype varchar(140)
2025-07-10 11:54:17,431 WARNING database DDL Query made to DB:
alter table `tabDoctor Availability` add column if not exists parentfield varchar(140)
2025-07-10 11:55:39,322 WARNING database DDL Query made to DB:
alter table `tabDocType` add column if not exists migration_hash varchar(140)
2025-07-10 11:55:44,289 WARNING database DDL Query made to DB:
ALTER TABLE `tabPrint Heading` DROP INDEX `print_heading`
2025-07-10 11:55:49,279 WARNING database DDL Query made to DB:
ALTER TABLE `tabPrint Heading` ADD UNIQUE INDEX IF NOT EXISTS print_heading (`print_heading`)
2025-07-10 11:55:53,139 WARNING database DDL Query made to DB:
ALTER TABLE `tabStudent` MODIFY `date_of_birth` date
2025-07-10 11:55:53,565 WARNING database DDL Query made to DB:
ALTER TABLE `tabStudent` DROP INDEX `student_id`
2025-07-10 11:56:10,131 WARNING database DDL Query made to DB:
ALTER TABLE `tabStudent` MODIFY `date_of_birth` varchar(140), ADD UNIQUE INDEX IF NOT EXISTS student_id (`student_id`)
2025-07-10 11:59:34,349 WARNING database DDL Query made to DB:
ALTER TABLE `tabDoctor` ADD COLUMN `off_day` text
2025-07-10 12:07:06,031 WARNING database DDL Query made to DB:
ALTER TABLE `tabClinic Appointment` MODIFY `end_time` time(6)
2025-07-10 12:16:21,020 WARNING database DDL Query made to DB:
alter table `tabDoctor Time Slot` add column if not exists parent varchar(140)
2025-07-10 12:16:21,022 WARNING database DDL Query made to DB:
alter table `tabDoctor Time Slot` add column if not exists parenttype varchar(140)
2025-07-10 12:16:21,024 WARNING database DDL Query made to DB:
alter table `tabDoctor Time Slot` add column if not exists parentfield varchar(140)
2025-07-10 12:16:21,277 WARNING database DDL Query made to DB:
ALTER TABLE `tabDoctor Time Slot` ADD COLUMN `day_of_week` varchar(140), ADD COLUMN `start_time` time(6), ADD COLUMN `end_time` time(6), ADD COLUMN `is_active` int(1) not null default 0
2025-07-10 12:17:46,095 WARNING database DDL Query made to DB:
alter table `tabPrescription Medication` add column if not exists parent varchar(140)
2025-07-10 12:17:46,098 WARNING database DDL Query made to DB:
alter table `tabPrescription Medication` add column if not exists parenttype varchar(140)
2025-07-10 12:17:46,100 WARNING database DDL Query made to DB:
alter table `tabPrescription Medication` add column if not exists parentfield varchar(140)
2025-07-10 12:22:50,942 WARNING database DDL Query made to DB:
alter table `tabDoctor Time Slot` add column if not exists parent varchar(140)
2025-07-10 12:22:50,947 WARNING database DDL Query made to DB:
alter table `tabDoctor Time Slot` add column if not exists parenttype varchar(140)
2025-07-10 12:22:50,948 WARNING database DDL Query made to DB:
alter table `tabDoctor Time Slot` add column if not exists parentfield varchar(140)
2025-07-10 12:23:36,265 WARNING database DDL Query made to DB:
alter table `tabDoctor Time Slot` add column if not exists parent varchar(140)
2025-07-10 12:23:36,270 WARNING database DDL Query made to DB:
alter table `tabDoctor Time Slot` add column if not exists parenttype varchar(140)
2025-07-10 12:23:36,271 WARNING database DDL Query made to DB:
alter table `tabDoctor Time Slot` add column if not exists parentfield varchar(140)
2025-07-10 12:26:57,658 WARNING database DDL Query made to DB:
alter table `tabDoctor Time Slot` add column if not exists parent varchar(140)
2025-07-10 12:26:57,663 WARNING database DDL Query made to DB:
alter table `tabDoctor Time Slot` add column if not exists parenttype varchar(140)
2025-07-10 12:26:57,664 WARNING database DDL Query made to DB:
alter table `tabDoctor Time Slot` add column if not exists parentfield varchar(140)
2025-07-10 12:26:57,908 WARNING database DDL Query made to DB:
ALTER TABLE `tabDoctor Time Slot` ADD COLUMN `shift` varchar(140)
2025-07-10 12:30:39,495 WARNING database DDL Query made to DB:
alter table `tabDoctor Time Slot` add column if not exists parent varchar(140)
2025-07-10 12:30:39,498 WARNING database DDL Query made to DB:
alter table `tabDoctor Time Slot` add column if not exists parenttype varchar(140)
2025-07-10 12:30:39,500 WARNING database DDL Query made to DB:
alter table `tabDoctor Time Slot` add column if not exists parentfield varchar(140)
2025-07-10 12:31:50,236 WARNING database DDL Query made to DB:
alter table `tabDoctor Time Slot` add column if not exists parent varchar(140)
2025-07-10 12:31:50,240 WARNING database DDL Query made to DB:
alter table `tabDoctor Time Slot` add column if not exists parenttype varchar(140)
2025-07-10 12:31:50,242 WARNING database DDL Query made to DB:
alter table `tabDoctor Time Slot` add column if not exists parentfield varchar(140)
2025-07-10 12:54:06,173 WARNING database DDL Query made to DB:
alter table `tabDoctor Time Slot` add column if not exists parent varchar(140)
2025-07-10 12:54:06,177 WARNING database DDL Query made to DB:
alter table `tabDoctor Time Slot` add column if not exists parenttype varchar(140)
2025-07-10 12:54:06,178 WARNING database DDL Query made to DB:
alter table `tabDoctor Time Slot` add column if not exists parentfield varchar(140)
2025-07-10 12:54:06,490 WARNING database DDL Query made to DB:
ALTER TABLE `tabDoctor Time Slot` MODIFY `is_active` int(1) not null default 1
2025-07-10 13:32:19,149 WARNING database DDL Query made to DB:
ALTER TABLE `tabClinic Appointment` ADD COLUMN `custom_display` varchar(140)
