2025-07-04 15:27:42,367 ERROR frappe New Exception collected in error log
Site: erp.amey.local
Form Dict: {'cmd': 'frappe.desk.form.load.getdoc'}
2025-07-04 16:09:47,865 ERROR frappe New Exception collected in error log
Site: erp.amey.local
Form Dict: {'name': 'doctor-prescription', 'cmd': 'frappe.desk.desk_page.getpage'}
2025-07-04 16:13:50,198 ERROR frappe New Exception collected in error log
Site: erp.amey.local
Form Dict: {'name': 'doctor-prescription', 'cmd': 'frappe.desk.desk_page.getpage'}
2025-07-04 16:18:29,275 ERROR frappe New Exception collected in error log
Site: erp.amey.local
Form Dict: {'name': 'doctor-prescription', 'cmd': 'frappe.desk.desk_page.getpage'}
2025-07-04 16:35:59,662 ERROR frappe New Exception collected in error log
Site: erp.amey.local
Form Dict: {'name': 'doctor-prescription', 'cmd': 'frappe.desk.desk_page.getpage'}
2025-07-04 16:42:55,380 ERROR frappe New Exception collected in error log
Site: erp.amey.local
Form Dict: {'name': 'doctor-prescription', 'cmd': 'frappe.desk.desk_page.getpage'}
2025-07-04 16:50:37,995 ERROR frappe New Exception collected in error log
Site: erp.amey.local
Form Dict: {'name': 'doctor-prescription', 'cmd': 'frappe.desk.desk_page.getpage'}
2025-07-07 15:08:29,634 ERROR frappe New Exception collected in error log
Site: erp.amey.local
Form Dict: {'doctype': 'Student', 'with_parent': '1', 'cached_timestamp': '2025-07-07 13:38:11.020745', 'cmd': 'frappe.desk.form.load.getdoctype'}
2025-07-07 15:13:10,857 ERROR frappe New Exception collected in error log
Site: erp.amey.local
Form Dict: {'doctype': 'Student', 'with_parent': '1', 'cached_timestamp': '', 'cmd': 'frappe.desk.form.load.getdoctype'}
2025-07-07 15:15:12,517 ERROR frappe Error while inserting deferred Error Log record: Error Log psl7jrh3b3: 'Title' (Module import failed for Student, the DocType you're trying to open might be deleted.
Error: No module named 'student_master.student_master.doctype.student.student') will get truncated, as max characters allowed is 140
Site: erp.amey.local
Form Dict: {}
2025-07-07 15:15:12,525 ERROR frappe Error while inserting deferred Error Log record: Error Log pslk7accrj: 'Title' (Module import failed for Student, the DocType you're trying to open might be deleted.
Error: No module named 'student_master.student_master.doctype.student.student') will get truncated, as max characters allowed is 140
Site: erp.amey.local
Form Dict: {}
2025-07-10 12:12:38,207 ERROR frappe New Exception collected in error log
Site: erp.amey.local
Form Dict: {'docs': '{"name":"Doctor Time Slot","creation":"2025-07-10 11:25:53.389934","modified":"2025-07-10 11:55:52.178096","modified_by":"Administrator","owner":"Administrator","docstatus":0,"idx":0,"issingle":0,"is_virtual":0,"is_tree":0,"istable":1,"editable_grid":1,"track_changes":0,"module":"Clinic App","sort_field":"modified","sort_order":"DESC","read_only":0,"in_create":0,"allow_copy":0,"allow_rename":1,"allow_import":0,"hide_toolbar":0,"track_seen":0,"max_attachments":0,"engine":"InnoDB","is_submittable":0,"show_name_in_global_search":0,"custom":0,"beta":0,"has_web_view":0,"allow_guest_to_view":0,"email_append_to":0,"show_title_field_in_link":0,"migration_hash":"dfcefe4c05df6f16e2a54d39aefc9647","translated_doctype":0,"is_calendar_and_gantt":0,"quick_entry":0,"grid_page_length":50,"track_views":0,"queue_in_background":0,"allow_events_in_timeline":0,"allow_auto_repeat":0,"make_attachments_public":0,"force_re_route_to_default_view":0,"show_preview_popup":0,"protect_attached_files":0,"index_web_pages_for_search":1,"row_format":"Dynamic","doctype":"DocType","fields":[{"name":"8b04s0d85q","creation":"2025-07-10 11:25:53.389934","modified":"2025-07-10 11:55:52.056817","modified_by":"Administrator","owner":"Administrator","docstatus":0,"parent":"Doctor Time Slot","parentfield":"fields","parenttype":"DocType","idx":1,"fieldname":"section_break_4fvs","fieldtype":"Section Break","search_index":0,"show_dashboard":0,"hidden":0,"set_only_once":0,"allow_in_quick_entry":0,"print_hide":0,"report_hide":0,"reqd":0,"bold":0,"in_global_search":0,"collapsible":0,"unique":0,"no_copy":0,"allow_on_submit":0,"show_preview_popup":0,"permlevel":0,"ignore_user_permissions":0,"columns":0,"in_list_view":0,"fetch_if_empty":0,"in_filter":0,"remember_last_selected_value":0,"ignore_xss_filter":0,"print_hide_if_no_value":0,"allow_bulk_edit":0,"in_standard_filter":0,"in_preview":0,"read_only":0,"length":0,"translatable":0,"hide_border":0,"hide_days":0,"hide_seconds":0,"non_negative":0,"is_virtual":0,"sort_options":0,"show_on_timeline":0,"make_attachment_public":0,"doctype":"DocField"},{"name":"8b0f6u94ev","creation":"2025-07-10 11:25:53.389934","modified":"2025-07-10 11:55:52.056817","modified_by":"Administrator","owner":"Administrator","docstatus":0,"parent":"Doctor Time Slot","parentfield":"fields","parenttype":"DocType","idx":2,"fieldname":"shift","label":"Shift","fieldtype":"Select","options":"Morning\\nNight","search_index":0,"show_dashboard":0,"hidden":0,"set_only_once":0,"allow_in_quick_entry":0,"print_hide":0,"report_hide":0,"reqd":1,"bold":0,"in_global_search":0,"collapsible":0,"unique":0,"no_copy":0,"allow_on_submit":0,"show_preview_popup":0,"permlevel":0,"ignore_user_permissions":0,"columns":0,"description":"Monday To Sunday","in_list_view":1,"fetch_if_empty":0,"in_filter":0,"remember_last_selected_value":0,"ignore_xss_filter":0,"print_hide_if_no_value":0,"allow_bulk_edit":0,"in_standard_filter":0,"in_preview":0,"read_only":0,"length":0,"translatable":0,"hide_border":0,"hide_days":0,"hide_seconds":0,"non_negative":0,"is_virtual":0,"sort_options":0,"show_on_timeline":0,"make_attachment_public":0,"doctype":"DocField"},{"name":"8b0butm4ls","creation":"2025-07-10 11:25:53.389934","modified":"2025-07-10 11:55:52.056817","modified_by":"Administrator","owner":"Administrator","docstatus":0,"parent":"Doctor Time Slot","parentfield":"fields","parenttype":"DocType","idx":3,"fieldname":"start_time","label":"Start Time","fieldtype":"Time","search_index":0,"show_dashboard":0,"hidden":0,"set_only_once":0,"allow_in_quick_entry":0,"print_hide":0,"report_hide":0,"reqd":1,"bold":0,"in_global_search":0,"collapsible":0,"unique":0,"no_copy":0,"allow_on_submit":0,"show_preview_popup":0,"permlevel":0,"ignore_user_permissions":0,"columns":0,"in_list_view":1,"fetch_if_empty":0,"in_filter":0,"remember_last_selected_value":0,"ignore_xss_filter":0,"print_hide_if_no_value":0,"allow_bulk_edit":0,"in_standard_filter":0,"in_preview":0,"read_only":0,"length":0,"translatable":0,"hide_border":0,"hide_days":0,"hide_seconds":0,"non_negative":0,"is_virtual":0,"sort_options":0,"show_on_timeline":0,"make_attachment_public":0,"doctype":"DocField"},{"name":"8b0vg7bjlp","creation":"2025-07-10 11:25:53.389934","modified":"2025-07-10 11:55:52.056817","modified_by":"Administrator","owner":"Administrator","docstatus":0,"parent":"Doctor Time Slot","parentfield":"fields","parenttype":"DocType","idx":4,"fieldname":"end_time","label":"End Time","fieldtype":"Time","search_index":0,"show_dashboard":0,"hidden":0,"set_only_once":0,"allow_in_quick_entry":0,"print_hide":0,"report_hide":0,"reqd":1,"bold":0,"in_global_search":0,"collapsible":0,"unique":0,"no_copy":0,"allow_on_submit":0,"show_preview_popup":0,"permlevel":0,"ignore_user_permissions":0,"columns":0,"in_list_view":1,"fetch_if_empty":0,"in_filter":0,"remember_last_selected_value":0,"ignore_xss_filter":0,"print_hide_if_no_value":0,"allow_bulk_edit":0,"in_standard_filter":0,"in_preview":0,"read_only":0,"length":0,"translatable":0,"hide_border":0,"hide_days":0,"hide_seconds":0,"non_negative":0,"is_virtual":0,"sort_options":0,"show_on_timeline":0,"make_attachment_public":0,"doctype":"DocField"}],"states":[],"links":[],"permissions":[],"actions":[],"__last_sync_on":"2025-07-10T06:42:37.579Z"}', 'method': 'check_pending_migration', 'cmd': 'run_doc_method'}
2025-07-10 12:14:00,625 ERROR frappe New Exception collected in error log
Site: erp.amey.local
Form Dict: {'docs': '{"doctype":"DocType","name":"Doctor Time Slot","creation":"2025-07-10 11:25:53.389934","modified":"2025-07-10 11:55:52.178096","modified_by":"Administrator","owner":"Administrator","docstatus":0,"idx":0,"issingle":0,"is_virtual":0,"is_tree":0,"istable":1,"editable_grid":1,"track_changes":0,"module":"Clinic App","sort_field":"modified","sort_order":"DESC","read_only":0,"in_create":0,"allow_copy":0,"allow_rename":1,"allow_import":0,"hide_toolbar":0,"track_seen":0,"max_attachments":0,"engine":"InnoDB","is_submittable":0,"show_name_in_global_search":0,"custom":0,"beta":0,"has_web_view":0,"allow_guest_to_view":0,"email_append_to":0,"show_title_field_in_link":0,"migration_hash":"dfcefe4c05df6f16e2a54d39aefc9647","translated_doctype":0,"is_calendar_and_gantt":0,"quick_entry":0,"grid_page_length":50,"track_views":0,"queue_in_background":0,"allow_events_in_timeline":0,"allow_auto_repeat":0,"make_attachments_public":0,"force_re_route_to_default_view":0,"show_preview_popup":0,"protect_attached_files":0,"index_web_pages_for_search":1,"row_format":"Dynamic","fields":[{"doctype":"DocField","name":"8b04s0d85q","creation":"2025-07-10 11:25:53.389934","modified":"2025-07-10 11:55:52.056817","modified_by":"Administrator","owner":"Administrator","docstatus":0,"parent":"Doctor Time Slot","parentfield":"fields","parenttype":"DocType","idx":1,"fieldname":"section_break_4fvs","fieldtype":"Section Break","search_index":0,"show_dashboard":0,"hidden":0,"set_only_once":0,"allow_in_quick_entry":0,"print_hide":0,"report_hide":0,"reqd":0,"bold":0,"in_global_search":0,"collapsible":0,"unique":0,"no_copy":0,"allow_on_submit":0,"show_preview_popup":0,"permlevel":0,"ignore_user_permissions":0,"columns":0,"in_list_view":0,"fetch_if_empty":0,"in_filter":0,"remember_last_selected_value":0,"ignore_xss_filter":0,"print_hide_if_no_value":0,"allow_bulk_edit":0,"in_standard_filter":0,"in_preview":0,"read_only":0,"length":0,"translatable":0,"hide_border":0,"hide_days":0,"hide_seconds":0,"non_negative":0,"is_virtual":0,"sort_options":0,"show_on_timeline":0,"make_attachment_public":0},{"doctype":"DocField","name":"8b0f6u94ev","creation":"2025-07-10 11:25:53.389934","modified":"2025-07-10 11:55:52.056817","modified_by":"Administrator","owner":"Administrator","docstatus":0,"parent":"Doctor Time Slot","parentfield":"fields","parenttype":"DocType","idx":2,"fieldname":"shift","label":"Shift","fieldtype":"Select","options":"Morning\\nNight","search_index":0,"show_dashboard":0,"hidden":0,"set_only_once":0,"allow_in_quick_entry":0,"print_hide":0,"report_hide":0,"reqd":1,"bold":0,"in_global_search":0,"collapsible":0,"unique":0,"no_copy":0,"allow_on_submit":0,"show_preview_popup":0,"permlevel":0,"ignore_user_permissions":0,"columns":0,"description":"Monday To Sunday","in_list_view":1,"fetch_if_empty":0,"in_filter":0,"remember_last_selected_value":0,"ignore_xss_filter":0,"print_hide_if_no_value":0,"allow_bulk_edit":0,"in_standard_filter":0,"in_preview":0,"read_only":0,"length":0,"translatable":0,"hide_border":0,"hide_days":0,"hide_seconds":0,"non_negative":0,"is_virtual":0,"sort_options":0,"show_on_timeline":0,"make_attachment_public":0},{"doctype":"DocField","name":"8b0butm4ls","creation":"2025-07-10 11:25:53.389934","modified":"2025-07-10 11:55:52.056817","modified_by":"Administrator","owner":"Administrator","docstatus":0,"parent":"Doctor Time Slot","parentfield":"fields","parenttype":"DocType","idx":3,"fieldname":"start_time","label":"Start Time","fieldtype":"Time","search_index":0,"show_dashboard":0,"hidden":0,"set_only_once":0,"allow_in_quick_entry":0,"print_hide":0,"report_hide":0,"reqd":1,"bold":0,"in_global_search":0,"collapsible":0,"unique":0,"no_copy":0,"allow_on_submit":0,"show_preview_popup":0,"permlevel":0,"ignore_user_permissions":0,"columns":0,"in_list_view":1,"fetch_if_empty":0,"in_filter":0,"remember_last_selected_value":0,"ignore_xss_filter":0,"print_hide_if_no_value":0,"allow_bulk_edit":0,"in_standard_filter":0,"in_preview":0,"read_only":0,"length":0,"translatable":0,"hide_border":0,"hide_days":0,"hide_seconds":0,"non_negative":0,"is_virtual":0,"sort_options":0,"show_on_timeline":0,"make_attachment_public":0},{"doctype":"DocField","name":"8b0vg7bjlp","creation":"2025-07-10 11:25:53.389934","modified":"2025-07-10 11:55:52.056817","modified_by":"Administrator","owner":"Administrator","docstatus":0,"parent":"Doctor Time Slot","parentfield":"fields","parenttype":"DocType","idx":4,"fieldname":"end_time","label":"End Time","fieldtype":"Time","search_index":0,"show_dashboard":0,"hidden":0,"set_only_once":0,"allow_in_quick_entry":0,"print_hide":0,"report_hide":0,"reqd":1,"bold":0,"in_global_search":0,"collapsible":0,"unique":0,"no_copy":0,"allow_on_submit":0,"show_preview_popup":0,"permlevel":0,"ignore_user_permissions":0,"columns":0,"in_list_view":1,"fetch_if_empty":0,"in_filter":0,"remember_last_selected_value":0,"ignore_xss_filter":0,"print_hide_if_no_value":0,"allow_bulk_edit":0,"in_standard_filter":0,"in_preview":0,"read_only":0,"length":0,"translatable":0,"hide_border":0,"hide_days":0,"hide_seconds":0,"non_negative":0,"is_virtual":0,"sort_options":0,"show_on_timeline":0,"make_attachment_public":0}],"permissions":[],"actions":[],"links":[],"states":[]}', 'method': 'check_pending_migration', 'cmd': 'run_doc_method'}
2025-07-10 12:15:40,117 ERROR frappe Error while inserting deferred Error Log record: Error Log ju9e9nctbu: 'Title' ([Errno 2] No such file or directory: '/Users/amee/erpnext-bench/apps/clinic_app/clinic_app/clinic_app/doctype/doctor_time_slot/doctor_time_slot.json') will get truncated, as max characters allowed is 140
Site: erp.amey.local
Form Dict: {}
2025-07-10 12:15:40,126 ERROR frappe Error while inserting deferred Error Log record: Error Log ju9lrdt1bn: 'Title' ([Errno 2] No such file or directory: '/Users/amee/erpnext-bench/apps/clinic_app/clinic_app/clinic_app/doctype/doctor_time_slot/doctor_time_slot.json') will get truncated, as max characters allowed is 140
Site: erp.amey.local
Form Dict: {}
2025-07-10 12:42:58,642 ERROR frappe New Exception collected in error log
Site: erp.amey.local
Form Dict: {'doc': '{"docstatus":0,"doctype":"Clinic Appointment","name":"new-clinic-appointment-gfswbeeejn","__islocal":1,"__unsaved":1,"owner":"Administrator","status":"Scheduled","__run_link_triggers":1,"appointment_date":"2025-07-10","appointment_time":"14:00:00","doctor":"Dr. Vaishnavi Dahe","patient":"Amey Golait"}', 'cmd': 'frappe.client.save'}
2025-07-10 12:44:41,343 ERROR frappe New Exception collected in error log
Site: erp.amey.local
Form Dict: {'doc': '{"docstatus":0,"doctype":"Clinic Appointment","name":"new-clinic-appointment-gfswbeeejn","__islocal":1,"__unsaved":1,"owner":"Administrator","status":"Scheduled","__run_link_triggers":false,"appointment_date":"2025-07-10","appointment_time":"14:00:00","doctor":"Dr. Vaishnavi Dahe","patient":"Amey Golait"}', 'action': 'Save', 'cmd': 'frappe.desk.form.save.savedocs'}
2025-07-10 12:47:33,324 ERROR frappe New Exception collected in error log
Site: erp.amey.local
Form Dict: {'doc': '{"docstatus":0,"doctype":"Clinic Appointment","name":"new-clinic-appointment-zryulqphca","__islocal":1,"__unsaved":1,"owner":"Administrator","status":"Scheduled","__run_link_triggers":1,"appointment_date":"2025-07-10","appointment_time":"12:47:23","doctor":"Dr. Vaishnavi Dahe","patient":"Amey Golait"}', 'cmd': 'frappe.client.save'}
2025-07-10 12:57:02,021 ERROR frappe New Exception collected in error log
Site: erp.amey.local
Form Dict: {'doc': '{"docstatus":0,"doctype":"Clinic Appointment","name":"new-clinic-appointment-owjjcaimpe","__islocal":1,"__unsaved":1,"owner":"Administrator","status":"Scheduled","__run_link_triggers":false,"appointment_date":"2025-07-11","appointment_time":"15:00:00","doctor":"Dr. Vaishnavi Dahe","patient":"Amey Golait"}', 'action': 'Save', 'cmd': 'frappe.desk.form.save.savedocs'}
2025-07-10 12:57:32,793 ERROR frappe New Exception collected in error log
Site: erp.amey.local
Form Dict: {'doc': '{"docstatus":0,"doctype":"Clinic Appointment","name":"new-clinic-appointment-qxxckznecp","__islocal":1,"__unsaved":1,"owner":"Administrator","status":"Scheduled","__run_link_triggers":1,"appointment_date":"2025-07-10","appointment_time":"16:00:00","doctor":"Dr. Vaishnavi Dahe","patient":"Amey Golait"}', 'cmd': 'frappe.client.save'}
2025-07-10 13:03:52,723 ERROR frappe New Exception collected in error log
Site: erp.amey.local
Form Dict: {'doc': '{"docstatus":0,"doctype":"Clinic Appointment","name":"new-clinic-appointment-bdnlssvklk","__islocal":1,"__unsaved":1,"owner":"Administrator","status":"Scheduled","__run_link_triggers":1,"appointment_date":"2025-07-10","appointment_time":"13:30:00","doctor":"Dr. Vaishnavi Dahe","patient":"Amey Golait"}', 'cmd': 'frappe.client.save'}
2025-07-10 15:31:00,140 ERROR frappe New Exception collected in error log
Site: erp.amey.local
Form Dict: {'doc': '{"docstatus":0,"doctype":"Clinic Appointment","name":"new-clinic-appointment-bxdckncgib","__islocal":1,"__unsaved":1,"owner":"Administrator","status":"Scheduled","__run_link_triggers":1,"appointment_date":"2025-07-10","appointment_time":"17:30:42","doctor":"Dr. Vaishnavi Dahe","patient":"h5d7237qoo"}', 'cmd': 'frappe.client.save'}
2025-07-10 16:09:53,149 ERROR frappe New Exception collected in error log
Site: erp.amey.local
Form Dict: {'prescription_name': 'svhe8721gf', 'cmd': 'clinic_app.api.send_prescription_sms', 'pdf_generator': 'wkhtmltopdf'}
2025-07-10 16:09:53,149 ERROR frappe New Exception collected in error log
Site: erp.amey.local
Form Dict: {'prescription_name': 'svhe8721gf', 'cmd': 'clinic_app.api.send_prescription_sms', 'pdf_generator': 'wkhtmltopdf'}
2025-07-10 16:15:37,828 ERROR frappe Error while inserting deferred Error Log record: Error Log 0hico87ldp: 'Title' (No wkhtmltopdf executable found: "b''"
If this file exists please check that this process can read it or you can pass path to it manually in method call, check README. Otherwise please install wkhtmltopdf - https://github.com/JazzCore/python-pdfkit/wiki/Installing-wkhtmltopdf) will get truncated, as max characters allowed is 140
Site: erp.amey.local
Form Dict: {}
2025-07-10 16:15:37,836 ERROR frappe Error while inserting deferred Error Log record: Error Log 0hi7b82vgl: 'Title' (No wkhtmltopdf executable found: "b''"
If this file exists please check that this process can read it or you can pass path to it manually in method call, check README. Otherwise please install wkhtmltopdf - https://github.com/JazzCore/python-pdfkit/wiki/Installing-wkhtmltopdf) will get truncated, as max characters allowed is 140
Site: erp.amey.local
Form Dict: {}
